Build started 2/11/2014 2:53:03 PM.
Project "C:\Github\C_Programming_Refference\InstantMinGWStarter\Code\import-vc\z_pack\z_pack.vcxproj" on node 2 (build target(s)).
InitializeBuildStatus:
  Touching "Debug\z_pack.unsuccessfulbuild".
ClCompile:
  C:\Program Files\Microsoft Visual Studio 10.0\VC\bin\CL.exe /c /ZI /nologo /W3 /WX- /Od /Oy- /D WIN32 /D _DEBUG /D _CONSOLE /D _UNICODE /D UNICODE /Gm /EHsc /RTC1 /MDd /GS /fp:precise /Zc:wchar_t /Zc:forScope /Fo"Debug\\" /Fd"Debug\vc100.pdb" /Gd /TP /analyze- /errorReport:prompt stdafx.cpp z_pack.cpp
  z_pack.cpp
c:\mingw\include\math.h(359): error C2143: syntax error : missing ')' before ':'
c:\mingw\include\math.h(359): error C2059: syntax error : ')'
c:\mingw\include\math.h(359): error C3861: '__asm__': identifier not found
c:\mingw\include\math.h(381): error C2143: syntax error : missing ')' before ':'
c:\mingw\include\math.h(381): error C2059: syntax error : ')'
c:\mingw\include\math.h(380): error C3861: '__asm__': identifier not found
c:\mingw\include\math.h(390): error C2143: syntax error : missing ')' before ':'
c:\mingw\include\math.h(390): error C2059: syntax error : ')'
c:\mingw\include\math.h(389): error C3861: '__asm__': identifier not found
c:\mingw\include\math.h(399): error C2143: syntax error : missing ')' before ':'
c:\mingw\include\math.h(399): error C2059: syntax error : ')'
c:\mingw\include\math.h(398): error C3861: '__asm__': identifier not found
c:\mingw\include\math.h(415): error C2143: syntax error : missing ')' before ':'
c:\mingw\include\math.h(415): error C2059: syntax error : ')'
c:\mingw\include\math.h(415): error C3861: '__asm__': identifier not found
c:\mingw\include\math.h(421): error C2143: syntax error : missing ')' before ':'
c:\mingw\include\math.h(421): error C2059: syntax error : ')'
c:\mingw\include\math.h(421): error C3861: '__asm__': identifier not found
c:\mingw\include\math.h(427): error C2143: syntax error : missing ')' before ':'
c:\mingw\include\math.h(427): error C2059: syntax error : ')'
c:\mingw\include\math.h(427): error C3861: '__asm__': identifier not found
c:\mingw\include\math.h(550): error C2143: syntax error : missing ')' before ':'
c:\mingw\include\math.h(550): error C2059: syntax error : ')'
c:\mingw\include\math.h(549): error C3861: '__asm__': identifier not found
c:\mingw\include\math.h(558): error C2143: syntax error : missing ')' before ':'
c:\mingw\include\math.h(558): error C2059: syntax error : ')'
c:\mingw\include\math.h(557): error C3861: '__asm__': identifier not found
c:\mingw\include\math.h(566): error C2143: syntax error : missing ')' before ':'
c:\mingw\include\math.h(566): error C2059: syntax error : ')'
c:\mingw\include\math.h(565): error C3861: '__asm__': identifier not found
c:\mingw\include\math.h(663): error C2143: syntax error : missing ')' before ':'
c:\mingw\include\math.h(663): error C2059: syntax error : ')'
c:\mingw\include\math.h(663): error C3861: '__asm__': identifier not found
c:\mingw\include\math.h(670): error C2143: syntax error : missing ')' before ':'
c:\mingw\include\math.h(670): error C2059: syntax error : ')'
c:\mingw\include\math.h(670): error C3861: '__asm__': identifier not found
c:\mingw\include\math.h(677): error C2143: syntax error : missing ')' before ':'
c:\mingw\include\math.h(677): error C2059: syntax error : ')'
c:\mingw\include\math.h(677): error C3861: '__asm__': identifier not found
c:\mingw\include\math.h(685): error C2065: '__asm__' : undeclared identifier
c:\mingw\include\math.h(685): error C2146: syntax error : missing ';' before identifier '__volatile__'
c:\mingw\include\math.h(685): error C2143: syntax error : missing ')' before ':'
c:\mingw\include\math.h(685): error C2059: syntax error : ')'
c:\mingw\include\math.h(685): error C3861: '__volatile__': identifier not found
c:\mingw\include\math.h(693): error C2065: '__asm__' : undeclared identifier
c:\mingw\include\math.h(693): error C2146: syntax error : missing ';' before identifier '__volatile__'
c:\mingw\include\math.h(693): error C2143: syntax error : missing ')' before ':'
c:\mingw\include\math.h(693): error C2059: syntax error : ')'
c:\mingw\include\math.h(693): error C3861: '__volatile__': identifier not found
c:\mingw\include\math.h(701): error C2065: '__asm__' : undeclared identifier
c:\mingw\include\math.h(701): error C2146: syntax error : missing ';' before identifier '__volatile__'
c:\mingw\include\math.h(701): error C2143: syntax error : missing ')' before ':'
c:\mingw\include\math.h(701): error C2059: syntax error : ')'
c:\mingw\include\math.h(701): error C3861: '__volatile__': identifier not found
c:\mingw\include\math.h(709): error C2065: '__asm__' : undeclared identifier
c:\mingw\include\math.h(709): error C2146: syntax error : missing ';' before identifier '__volatile__'
c:\mingw\include\math.h(709): error C2143: syntax error : missing ')' before ':'
c:\mingw\include\math.h(709): error C2059: syntax error : ')'
c:\mingw\include\math.h(709): error C3861: '__volatile__': identifier not found
c:\mingw\include\math.h(717): error C2065: '__asm__' : undeclared identifier
c:\mingw\include\math.h(717): error C2146: syntax error : missing ';' before identifier '__volatile__'
c:\mingw\include\math.h(717): error C2143: syntax error : missing ')' before ':'
c:\mingw\include\math.h(717): error C2059: syntax error : ')'
c:\mingw\include\math.h(717): error C3861: '__volatile__': identifier not found
c:\mingw\include\math.h(725): error C2065: '__asm__' : undeclared identifier
c:\mingw\include\math.h(725): error C2146: syntax error : missing ';' before identifier '__volatile__'
c:\mingw\include\math.h(725): error C2143: syntax error : missing ')' before ':'
c:\mingw\include\math.h(725): error C2059: syntax error : ')'
c:\mingw\include\math.h(725): error C3861: '__volatile__': identifier not found
c:\mingw\include\math.h(843): error C2143: syntax error : missing ')' before ':'
c:\mingw\include\math.h(843): error C2059: syntax error : ')'
c:\mingw\include\math.h(842): error C3861: '__asm__': identifier not found
c:\program files\microsoft visual studio 10.0\vc\include\cmath(37): error C2039: 'abs' : is not a member of '`global namespace''
c:\program files\microsoft visual studio 10.0\vc\include\cmath(37): error C2873: 'abs' : symbol cannot be used in a using-declaration
c:\mingw\include\stdio.h(334): error C2373: '__restrict__' : redefinition; different type modifiers
          c:\mingw\include\stdio.h(334) : see declaration of '__restrict__'
c:\mingw\include\stdio.h(337): error C2086: 'const char *__restrict__' : redefinition
          c:\mingw\include\stdio.h(336) : see declaration of '__restrict__'
c:\mingw\include\stdio.h(609): error C2373: '__restrict__' : redefinition; different type modifiers
          c:\mingw\include\stdio.h(608) : see declaration of '__restrict__'
c:\mingw\include\stdio.h(611): error C2086: 'const wchar_t *__restrict__' : redefinition
          c:\mingw\include\stdio.h(610) : see declaration of '__restrict__'
c:\mingw\include\stdlib.h(317): error C2144: syntax error : 'double' should be preceded by ';'
c:\mingw\include\stdlib.h(317): error C4430: missing type specifier - int assumed. Note: C++ does not support default-int
c:\mingw\include\stdlib.h(318): error C2146: syntax error : missing ',' before identifier '__nptr'
c:\mingw\include\stdlib.h(320): error C2065: '__nptr' : undeclared identifier
c:\mingw\include\stdlib.h(320): error C2065: '__endptr' : undeclared identifier
c:\mingw\include\stdlib.h(322): error C2373: '__restrict__' : redefinition; different type modifiers
          c:\mingw\include\stdlib.h(322) : see declaration of '__restrict__'
c:\mingw\include\stdlib.h(323): error C2373: '__restrict__' : redefinition; different type modifiers
          c:\mingw\include\stdlib.h(323) : see declaration of '__restrict__'
c:\mingw\include\stdlib.h(337): error C2373: '__restrict__' : redefinition; different type modifiers
          c:\mingw\include\stdlib.h(337) : see declaration of '__restrict__'
c:\mingw\include\stdlib.h(338): error C2373: '__restrict__' : redefinition; different type modifiers
          c:\mingw\include\stdlib.h(338) : see declaration of '__restrict__'
c:\mingw\include\stdlib.h(519): error C2373: '__restrict__' : redefinition; different type modifiers
          c:\mingw\include\stdlib.h(519) : see declaration of '__restrict__'
c:\mingw\include\wchar.h(282): error C2373: '__restrict__' : redefinition; different type modifiers
          c:\mingw\include\wchar.h(281) : see declaration of '__restrict__'
c:\mingw\include\wchar.h(283): error C2373: '__restrict__' : redefinition; different type modifiers
          c:\mingw\include\wchar.h(283) : see declaration of '__restrict__'
c:\mingw\include\wchar.h(284): error C2371: '__restrict__' : redefinition; different basic types
          c:\mingw\include\wchar.h(283) : see declaration of '__restrict__'
c:\mingw\include\wchar.h(285): error C2040: '__restrict__' : 'const char **' differs in levels of indirection from 'wchar_t *'
c:\mingw\include\wchar.h(286): error C2371: '__restrict__' : redefinition; different basic types
          c:\mingw\include\wchar.h(285) : see declaration of '__restrict__'
c:\mingw\include\wchar.h(288): error C2371: '__restrict__' : redefinition; different basic types
          c:\mingw\include\wchar.h(287) : see declaration of '__restrict__'
c:\mingw\include\wchar.h(289): error C2040: '__restrict__' : 'const wchar_t **' differs in levels of indirection from 'char *'
c:\mingw\include\wchar.h(290): error C2371: '__restrict__' : redefinition; different basic types
          c:\mingw\include\wchar.h(289) : see declaration of '__restrict__'
c:\mingw\include\wchar.h(307): error C2373: '__restrict__' : redefinition; different type modifiers
          c:\mingw\include\wchar.h(306) : see declaration of '__restrict__'
c:\mingw\include\wchar.h(311): error C2373: '__restrict__' : redefinition; different type modifiers
          c:\mingw\include\wchar.h(310) : see declaration of '__restrict__'
c:\mingw\include\wchar.h(313): error C2373: '__restrict__' : redefinition; different type modifiers
          c:\mingw\include\wchar.h(312) : see declaration of '__restrict__'
c:\program files\microsoft visual studio 10.0\vc\include\cwchar(25): error C2039: 'fgetws' : is not a member of '`global namespace''
c:\program files\microsoft visual studio 10.0\vc\include\cwchar(25): error C2873: 'fgetws' : symbol cannot be used in a using-declaration
c:\program files\microsoft visual studio 10.0\vc\include\cwchar(26): error C2039: 'fputws' : is not a member of '`global namespace''
c:\program files\microsoft visual studio 10.0\vc\include\cwchar(26): fatal error C1003: error count exceeds 100; stopping compilation
  stdafx.cpp
c:\mingw\include\stdio.h(334): error C2373: '__restrict__' : redefinition; different type modifiers
          c:\mingw\include\stdio.h(334) : see declaration of '__restrict__'
c:\mingw\include\stdio.h(337): error C2086: 'const char *__restrict__' : redefinition
          c:\mingw\include\stdio.h(336) : see declaration of '__restrict__'
c:\mingw\include\stdio.h(609): error C2373: '__restrict__' : redefinition; different type modifiers
          c:\mingw\include\stdio.h(608) : see declaration of '__restrict__'
c:\mingw\include\stdio.h(611): error C2086: 'const wchar_t *__restrict__' : redefinition
          c:\mingw\include\stdio.h(610) : see declaration of '__restrict__'
c:\mingw\include\wchar.h(165): error C2373: '__restrict__' : redefinition; different type modifiers
          c:\mingw\include\wchar.h(165) : see declaration of '__restrict__'
c:\mingw\include\wchar.h(166): error C2373: '__restrict__' : redefinition; different type modifiers
          c:\mingw\include\wchar.h(166) : see declaration of '__restrict__'
c:\mingw\include\wchar.h(282): error C2373: '__restrict__' : redefinition; different type modifiers
          c:\mingw\include\wchar.h(281) : see declaration of '__restrict__'
c:\mingw\include\wchar.h(283): error C2373: '__restrict__' : redefinition; different type modifiers
          c:\mingw\include\wchar.h(283) : see declaration of '__restrict__'
c:\mingw\include\wchar.h(284): error C2371: '__restrict__' : redefinition; different basic types
          c:\mingw\include\wchar.h(283) : see declaration of '__restrict__'
c:\mingw\include\wchar.h(285): error C2040: '__restrict__' : 'const char **' differs in levels of indirection from 'wchar_t *'
c:\mingw\include\wchar.h(286): error C2371: '__restrict__' : redefinition; different basic types
          c:\mingw\include\wchar.h(285) : see declaration of '__restrict__'
c:\mingw\include\wchar.h(288): error C2371: '__restrict__' : redefinition; different basic types
          c:\mingw\include\wchar.h(287) : see declaration of '__restrict__'
c:\mingw\include\wchar.h(289): error C2040: '__restrict__' : 'const wchar_t **' differs in levels of indirection from 'char *'
c:\mingw\include\wchar.h(290): error C2371: '__restrict__' : redefinition; different basic types
          c:\mingw\include\wchar.h(289) : see declaration of '__restrict__'
c:\mingw\include\wchar.h(307): error C2373: '__restrict__' : redefinition; different type modifiers
          c:\mingw\include\wchar.h(306) : see declaration of '__restrict__'
c:\mingw\include\wchar.h(311): error C2373: '__restrict__' : redefinition; different type modifiers
          c:\mingw\include\wchar.h(310) : see declaration of '__restrict__'
c:\mingw\include\wchar.h(313): error C2373: '__restrict__' : redefinition; different type modifiers
          c:\mingw\include\wchar.h(312) : see declaration of '__restrict__'
  Generating Code...
Done Building Project "C:\Github\C_Programming_Refference\InstantMinGWStarter\Code\import-vc\z_pack\z_pack.vcxproj" (build target(s)) -- FAILED.

Build FAILED.

Time Elapsed 00:00:06.32
